<?xml version="1.0" encoding="UTF-8"?>
<testsuite xmlns:xsi="http://www.w3.org/2001/XMLSchema-instance" xsi:noNamespaceSchemaLocation="https://maven.apache.org/surefire/maven-surefire-plugin/xsd/surefire-test-report.xsd" version="3.0.2" name="fr.univ_lyon1.info.m1.microblog.dto.YDataTest" time="0.029" tests="6" errors="0" skipped="0" failures="0">
  <properties>
[...]
</properties>
  <testcase name="testSetAndGetUsers" classname="fr.univ_lyon1.info.m1.microblog.dto.YDataTest" time="0.012"/>
  <testcase name="testSetAndGetMessages" classname="fr.univ_lyon1.info.m1.microblog.dto.YDataTest" time="0.0"/>
  <testcase name="testSetUsersToNull" classname="fr.univ_lyon1.info.m1.microblog.dto.YDataTest" time="0.0"/>
  <testcase name="testDefaultState" classname="fr.univ_lyon1.info.m1.microblog.dto.YDataTest" time="0.0"/>
  <testcase name="testSetAndGetCurrentUser" classname="fr.univ_lyon1.info.m1.microblog.dto.YDataTest" time="0.001"/>
  <testcase name="testSetMessagesToNull" classname="fr.univ_lyon1.info.m1.microblog.dto.YDataTest" time="0.0"/>
</testsuite>